Not searching for unused variables given on the command line.
[36m--[0m Using CATKIN_DEVEL_PREFIX: /home/jing/Documents/Scripts/temp_tests/Path_Set_Planning_Release/devel/.private/path_set_planning
[36m--[0m Using CMAKE_PREFIX_PATH: /home/jing/Documents/Scripts/temp_tests/Path_Set_Planning_Release/devel;/opt/ros/melodic
[36m--[0m This workspace overlays: /home/jing/Documents/Scripts/temp_tests/Path_Set_Planning_Release/devel;/opt/ros/melodic
[36m--[0m Found PythonInterp: /usr/bin/python2 (found suitable version "2.7.17", minimum required is "2")
[36m--[0m Using PYTHON_EXECUTABLE: /usr/bin/python2
[36m--[0m Using Debian Python package layout
[36m--[0m Using empy: /usr/bin/empy
[36m--[0m Using CATKIN_ENABLE_TESTING: ON
[36m--[0m Call enable_testing()
[36m--[0m Using CATKIN_TEST_RESULTS_DIR: /home/jing/Documents/Scripts/temp_tests/Path_Set_Planning_Release/build/path_set_planning/test_results
[36m--[0m Found gtest sources under '/usr/src/googletest': gtests will be built
[36m--[0m Found gmock sources under '/usr/src/googletest': gmock will be built
[36m--[0m Found PythonInterp: /usr/bin/python2 (found version "2.7.17")
[36m--[0m Using Python nosetests: /usr/bin/nosetests-2.7
[36m--[0m catkin 0.7.29
[36m--[0m BUILD_SHARED_LIBS is on
[36m--[0m Using these message generators: gencpp;geneus;genlisp;gennodejs;genpy
[33m[1mCMake Warning[0m at /home/jing/Documents/Scripts/temp_tests/Path_Set_Planning_Release/build/path_set_planning/cmake/path_set_planning-genmsg.cmake:3 (message):
  Invoking generate_messages() without having added any message or service
  file before.

  You should either add add_message_files() and/or add_service_files() calls
  or remove the invocation of generate_messages().
[36mCall Stack (most recent call first):[0m
  /opt/ros/melodic/share/genmsg/cmake/genmsg-extras.cmake:307 (include)
  CMakeLists.txt:75 (generate_messages)


[36m--[0m path_set_planning: 0 messages, 0 services
[36m--[0m Configuring done
[36m--[0m Generating done
[36m--[0m Build files have been written to: /home/jing/Documents/Scripts/temp_tests/Path_Set_Planning_Release/build/path_set_planning
