[35m[1mScanning dependencies of target path_repositioning[0m
[35m[1mScanning dependencies of target planning_time_benchmark_comparison[0m
[35m[1mScanning dependencies of target planning_time_comparison[0m
[35m[1mScanning dependencies of target kd_tree_RRTStar[0m
[35m[1mScanning dependencies of target std_msgs_generate_messages_lisp[0m
[35m[1mScanning dependencies of target std_msgs_generate_messages_cpp[0m
[35m[1mScanning dependencies of target std_msgs_generate_messages_nodejs[0m
[35m[1mScanning dependencies of target std_msgs_generate_messages_eus[0m
[35m[1mScanning dependencies of target planning_cost_comparison[0m
[35m[1mScanning dependencies of target path_set_generation_benchmark[0m
[35m[1mScanning dependencies of target std_msgs_generate_messages_py[0m
[  0%] Built target std_msgs_generate_messages_nodejs
[  0%] Built target std_msgs_generate_messages_lisp
[  0%] Built target std_msgs_generate_messages_eus
[  0%] Built target std_msgs_generate_messages_cpp
[35m[1mScanning dependencies of target path_set_planning_generate_messages_lisp[0m
[  0%] Built target std_msgs_generate_messages_py
[  7%] [32mBuilding CXX object CMakeFiles/planning_time_comparison.dir/src/path_planning_time_comparison.cpp.o[0m
[35m[1mScanning dependencies of target path_set_planning_generate_messages_nodejs[0m
[ 15%] [32mBuilding CXX object CMakeFiles/path_repositioning.dir/src/path_repositioning_test.cpp.o[0m
[35m[1mScanning dependencies of target path_set_planning_generate_messages_eus[0m
[ 23%] [32mBuilding CXX object CMakeFiles/planning_time_benchmark_comparison.dir/src/path_planning_time_benchmark.cpp.o[0m
[ 30%] [32mBuilding CXX object CMakeFiles/planning_cost_comparison.dir/src/path_planning_different_costs.cpp.o[0m
[ 38%] [32mBuilding CXX object CMakeFiles/kd_tree_RRTStar.dir/src/kd_tree_test.cpp.o[0m
[35m[1mScanning dependencies of target path_set_planning_generate_messages_cpp[0m
[ 38%] Built target path_set_planning_generate_messages_lisp
[ 38%] Built target path_set_planning_generate_messages_nodejs
[35m[1mScanning dependencies of target path_set_planning_generate_messages_py[0m
[ 46%] [32mBuilding CXX object CMakeFiles/path_set_generation_benchmark.dir/src/path_set_generation_benchmark.cpp.o[0m
[ 53%] [34m[1mGenerating EusLisp manifest code for path_set_planning[0m
[ 53%] Built target path_set_planning_generate_messages_cpp
[ 53%] Built target path_set_planning_generate_messages_py
[ 53%] Built target path_set_planning_generate_messages_eus
[35m[1mScanning dependencies of target path_set_planning_generate_messages[0m
[ 53%] Built target path_set_planning_generate_messages
[ 61%] [32m[1mLinking CXX executable /home/jing/Documents/Scripts/temp_tests/Path_Set_Planning_Release/devel/.private/path_set_planning/lib/path_set_planning/kd_tree_RRTStar[0m
[ 61%] Built target kd_tree_RRTStar
[ 69%] [32m[1mLinking CXX executable /home/jing/Documents/Scripts/temp_tests/Path_Set_Planning_Release/devel/.private/path_set_planning/lib/path_set_planning/planning_time_comparison[0m
[ 76%] [32m[1mLinking CXX executable /home/jing/Documents/Scripts/temp_tests/Path_Set_Planning_Release/devel/.private/path_set_planning/lib/path_set_planning/planning_cost_comparison[0m
[ 84%] [32m[1mLinking CXX executable /home/jing/Documents/Scripts/temp_tests/Path_Set_Planning_Release/devel/.private/path_set_planning/lib/path_set_planning/planning_time_benchmark_comparison[0m
[ 92%] [32m[1mLinking CXX executable /home/jing/Documents/Scripts/temp_tests/Path_Set_Planning_Release/devel/.private/path_set_planning/lib/path_set_planning/path_set_generation_benchmark[0m
[100%] [32m[1mLinking CXX executable /home/jing/Documents/Scripts/temp_tests/Path_Set_Planning_Release/devel/.private/path_set_planning/lib/path_set_planning/path_repositioning[0m
[100%] Built target planning_time_comparison
[100%] Built target planning_cost_comparison
[100%] Built target path_set_generation_benchmark
[100%] Built target planning_time_benchmark_comparison
[100%] Built target path_repositioning
